[0mGET /api/product/meileurvente [32m200 [0m555.757 ms - 29[0m
[0mGET /api/category/main/list [32m200 [0m502.427 ms - 227[0m
[0mGET /api/product/getAllGroceryStaple [32m200 [0m421.564 ms - 425[0m
[0mGET /api/category/affichebackgroundbyId?titre=date [32m200 [0m693.541 ms - 26[0m
[0mGET /api/category/affichevideobytitre?titre=homevideo [32m200 [0m767.393 ms - 28[0m
[0mGET /api/category/affichebyId?titre=Livraison [32m200 [0m278.707 ms - 28[0m
[0mGET /api/category/afficheservices [32m200 [0m241.995 ms - 26[0m
[0mGET /api/category/affichebackgroundbyId?titre=back [32m200 [0m889.728 ms - 26[0m
[0mGET /api/productgros/listlimite [32m200 [0m386.064 ms - 29[0m
[0mGET /api/category/affichebyId?titre=Market [32m200 [0m56.135 ms - 28[0m
[0mGET /api/category/affichebyId?titre=playstore [32m200 [0m20.794 ms - 28[0m
[0mGET /api/category/affichebyId?titre=appstore [32m200 [0m24.254 ms - 28[0m
[0mGET /api/category/affichebyId?titre=email [32m200 [0m17.988 ms - 28[0m
[0mGET /api/category/affichebyId?titre=contact [32m200 [0m15.726 ms - 28[0m
[0mGET /api/category/affichebyId?titre=adresse [32m200 [0m22.096 ms - 28[0m
[0mGET /api/category/affichetitlebyId?title=reseau [32m200 [0m19.964 ms - 26[0m
[0mGET /api/category/affichebackgroundbyId?titre=back [36m304 [0m252.465 ms - -[0m
[0mGET /api/category/affichebyId?titre=Livraison [36m304 [0m265.234 ms - -[0m
[0mGET /api/category/main/list [36m304 [0m305.200 ms - -[0m
[0mGET /api/product/meileurvente [36m304 [0m344.699 ms - -[0m
[0mGET /api/category/affichevideobytitre?titre=homevideo [36m304 [0m432.262 ms - -[0m
[0mGET /api/productgros/listlimite [36m304 [0m424.674 ms - -[0m
[0mGET /api/category/affichebackgroundbyId?titre=date [36m304 [0m235.288 ms - -[0m
[0mGET /api/product/getAllGroceryStaple [36m304 [0m230.490 ms - -[0m
[0mGET /api/category/afficheservices [36m304 [0m157.023 ms - -[0m
[0mGET /api/category/affichebyId?titre=Market [36m304 [0m55.255 ms - -[0m
[0mGET /api/category/affichebyId?titre=playstore [36m304 [0m19.266 ms - -[0m
[0mGET /api/category/affichebyId?titre=appstore [36m304 [0m26.901 ms - -[0m
[0mGET /api/category/affichebyId?titre=email [36m304 [0m15.735 ms - -[0m
[0mGET /api/category/affichebyId?titre=contact [36m304 [0m41.210 ms - -[0m
[0mGET /api/category/affichebyId?titre=adresse [36m304 [0m19.046 ms - -[0m
[0mGET /api/category/affichetitlebyId?title=reseau [36m304 [0m22.317 ms - -[0m
[0mGET /api/category/main/list [36m304 [0m83.781 ms - -[0m
[0mGET /api/category/affichebackgroundbyId?titre=back [36m304 [0m104.455 ms - -[0m
[0mGET /api/category/affichebyId?titre=Livraison [36m304 [0m120.357 ms - -[0m
[0mGET /api/product/meileurvente [36m304 [0m140.115 ms - -[0m
[0mGET /api/category/affichevideobytitre?titre=homevideo [36m304 [0m160.710 ms - -[0m
[0mGET /api/productgros/listlimite [36m304 [0m159.650 ms - -[0m
[0mGET /api/category/affichebackgroundbyId?titre=date [36m304 [0m131.244 ms - -[0m
[0mGET /api/product/getAllGroceryStaple [36m304 [0m104.876 ms - -[0m
[0mGET /api/category/afficheservices [36m304 [0m89.416 ms - -[0m
[0mGET /api/category/affichebyId?titre=Market [36m304 [0m13.303 ms - -[0m
[0mGET /api/category/affichebyId?titre=playstore [36m304 [0m11.371 ms - -[0m
[0mGET /api/category/affichebyId?titre=appstore [36m304 [0m13.815 ms - -[0m
[0mGET /api/category/affichebyId?titre=email [36m304 [0m11.939 ms - -[0m
[0mGET /api/category/affichebyId?titre=contact [36m304 [0m9.349 ms - -[0m
[0mGET /api/category/affichebyId?titre=adresse [36m304 [0m10.040 ms - -[0m
[0mGET /api/category/affichetitlebyId?title=reseau [36m304 [0m10.164 ms - -[0m
[0mGET /api/category/main/list [36m304 [0m57.241 ms - -[0m
[0mGET /api/category/affichebackgroundbyId?titre=back [36m304 [0m59.431 ms - -[0m
[0mGET /api/category/affichebyId?titre=Livraison [36m304 [0m150.488 ms - -[0m
[0mGET /api/productgros/listlimite [36m304 [0m113.085 ms - -[0m
[0mGET /api/product/meileurvente [36m304 [0m150.973 ms - -[0m
[0mGET /api/category/affichevideobytitre?titre=homevideo [36m304 [0m135.810 ms - -[0m
[0mGET /api/category/affichebackgroundbyId?titre=date [36m304 [0m117.903 ms - -[0m
[0mGET /api/product/getAllGroceryStaple [36m304 [0m216.126 ms - -[0m
[0mGET /api/category/afficheservices [36m304 [0m155.587 ms - -[0m
[0mGET /api/category/affichebyId?titre=Market [36m304 [0m15.138 ms - -[0m
[0mGET /api/category/affichebyId?titre=playstore [36m304 [0m15.474 ms - -[0m
[0mGET /api/category/affichebyId?titre=appstore [36m304 [0m18.071 ms - -[0m
[0mGET /api/category/affichebyId?titre=email [36m304 [0m16.194 ms - -[0m
[0mGET /api/category/affichebyId?titre=contact [36m304 [0m11.314 ms - -[0m
[0mGET /api/category/affichebyId?titre=adresse [36m304 [0m8.382 ms - -[0m
[0mGET /api/category/affichetitlebyId?title=reseau [36m304 [0m8.725 ms - -[0m
[0mGET /api/category/main/list [32m200 [0m100.943 ms - 1006[0m
[0mGET /api/category/affichebackgroundbyId?titre=back [32m200 [0m283.861 ms - 616[0m
[0mGET /api/productgros/listlimite [31m500 [0m1288.361 ms - 3421[0m
[0mGET /api/product/meileurvente [31m500 [0m1325.280 ms - 2046[0m
[0mGET /api/category/affichevideobytitre?titre=homevideo [32m200 [0m1388.866 ms - 256[0m
[0mGET /api/category/affichebyId?titre=Livraison [31m500 [0m1755.031 ms - 3415[0m
[0mGET /api/category/affichebackgroundbyId?titre=date [32m200 [0m1801.825 ms - 230[0m
[0mGET /api/product/getAllGroceryStaple [31m500 [0m1934.633 ms - 3413[0m
[0mGET /api/category/afficheservices [31m500 [0m927.642 ms - 3415[0m
[0mGET /api/category/main/list [36m304 [0m75.270 ms - -[0m
[0mGET /api/category/affichebackgroundbyId?titre=back [36m304 [0m254.852 ms - -[0m
[0mGET /api/category/affichebyId?titre=Livraison [31m500 [0m355.183 ms - 3415[0m
[0mGET /api/category/affichevideobytitre?titre=homevideo [36m304 [0m390.065 ms - -[0m
[0mGET /api/product/meileurvente [31m500 [0m504.842 ms - 2046[0m
[0mGET /api/category/affichebackgroundbyId?titre=date [36m304 [0m311.977 ms - -[0m
[0mGET /api/productgros/listlimite [31m500 [0m643.179 ms - 3421[0m
[0mGET /api/product/getAllGroceryStaple [31m500 [0m633.731 ms - 3413[0m
[0mGET /api/category/afficheservices [31m500 [0m879.106 ms - 3415[0m
[0mGET /api/category/main/list [36m304 [0m41.589 ms - -[0m
[0mGET /api/category/affichebackgroundbyId?titre=back [36m304 [0m429.798 ms - -[0m
[0mGET /api/category/affichebyId?titre=Livraison [31m500 [0m432.316 ms - 3415[0m
[0mGET /api/category/affichevideobytitre?titre=homevideo [36m304 [0m661.826 ms - -[0m
[0mGET /api/category/affichebackgroundbyId?titre=date [36m304 [0m673.199 ms - -[0m
[0mGET /api/product/meileurvente [31m500 [0m811.601 ms - 2046[0m
[0mGET /api/productgros/listlimite [31m500 [0m826.014 ms - 3421[0m
[0mGET /api/product/getAllGroceryStaple [31m500 [0m330.635 ms - 3413[0m
[0mGET /api/category/afficheservices [31m500 [0m471.172 ms - 3415[0m
[0mGET /api/category/main/list [32m200 [0m865.985 ms - 26[0m
[0mGET /api/category/affichebackgroundbyId?titre=back [32m200 [0m576.085 ms - 26[0m
[0mGET /api/productgros/listlimite [32m200 [0m508.042 ms - 29[0m
[0mGET /api/category/affichebackgroundbyId?titre=date [32m200 [0m223.783 ms - 26[0m
[0mGET /api/product/meileurvente [32m200 [0m534.677 ms - 29[0m
[0mGET /api/category/affichebyId?titre=Livraison [32m200 [0m495.462 ms - 28[0m
[0mGET /api/category/affichevideobytitre?titre=homevideo [32m200 [0m608.647 ms - 28[0m
[0mGET /api/product/getAllGroceryStaple [32m200 [0m153.392 ms - 29[0m
[0mGET /api/category/afficheservices [32m200 [0m130.652 ms - 26[0m
[0mGET /api/category/affichebyId?titre=Market [36m304 [0m33.320 ms - -[0m
[0mGET /api/category/affichebyId?titre=playstore [36m304 [0m15.305 ms - -[0m
[0mGET /api/category/affichebyId?titre=appstore [36m304 [0m14.579 ms - -[0m
[0mGET /api/category/affichebyId?titre=email [36m304 [0m12.770 ms - -[0m
[0mGET /api/category/affichebyId?titre=contact [36m304 [0m23.211 ms - -[0m
[0mGET /api/category/affichebyId?titre=adresse [36m304 [0m22.390 ms - -[0m
[0mGET /api/category/affichetitlebyId?title=reseau [36m304 [0m14.016 ms - -[0m
[0mGET /api/category/main/list [36m304 [0m219.824 ms - -[0m
[0mGET /api/category/affichebackgroundbyId?titre=back [36m304 [0m432.313 ms - -[0m
[0mGET /api/category/affichebyId?titre=Livraison [36m304 [0m499.094 ms - -[0m
[0mGET /api/category/affichevideobytitre?titre=homevideo [36m304 [0m444.723 ms - -[0m
[0mGET /api/product/meileurvente [36m304 [0m432.718 ms - -[0m
[0mGET /api/productgros/listlimite [36m304 [0m460.211 ms - -[0m
[0mGET /api/category/affichebackgroundbyId?titre=date [36m304 [0m343.288 ms - -[0m
[0mGET /api/product/getAllGroceryStaple [36m304 [0m138.415 ms - -[0m
[0mGET /api/category/afficheservices [36m304 [0m142.138 ms - -[0m
[0mGET /api/category/affichebyId?titre=Market [36m304 [0m19.656 ms - -[0m
[0mGET /api/category/affichebyId?titre=playstore [36m304 [0m44.593 ms - -[0m
[0mGET /api/category/affichebyId?titre=appstore [36m304 [0m16.611 ms - -[0m
[0mGET /api/category/affichebyId?titre=email [36m304 [0m16.398 ms - -[0m
[0mGET /api/category/affichebyId?titre=contact [36m304 [0m31.063 ms - -[0m
[0mGET /api/category/affichebyId?titre=adresse [36m304 [0m19.802 ms - -[0m
[0mGET /api/category/affichetitlebyId?title=reseau [36m304 [0m22.833 ms - -[0m
[0mGET /api/category/main/list [36m304 [0m61.016 ms - -[0m
[0mGET /api/category/affichebackgroundbyId?titre=back [36m304 [0m129.154 ms - -[0m
[0mGET /api/category/affichebyId?titre=Livraison [36m304 [0m146.436 ms - -[0m
[0mGET /api/product/meileurvente [36m304 [0m164.324 ms - -[0m
[0mGET /api/category/affichevideobytitre?titre=homevideo [36m304 [0m139.715 ms - -[0m
[0mGET /api/productgros/listlimite [36m304 [0m169.175 ms - -[0m
[0mGET /api/category/affichebackgroundbyId?titre=date [36m304 [0m122.729 ms - -[0m
[0mGET /api/product/getAllGroceryStaple [36m304 [0m81.302 ms - -[0m
[0mGET /api/category/afficheservices [36m304 [0m54.811 ms - -[0m
[0mGET /api/category/affichebyId?titre=Market [36m304 [0m21.479 ms - -[0m
[0mGET /api/category/affichebyId?titre=playstore [36m304 [0m18.772 ms - -[0m
[0mGET /api/category/affichebyId?titre=appstore [36m304 [0m15.831 ms - -[0m
[0mGET /api/category/affichebyId?titre=email [36m304 [0m17.071 ms - -[0m
[0mGET /api/category/affichebyId?titre=contact [36m304 [0m15.146 ms - -[0m
[0mGET /api/category/affichebyId?titre=adresse [36m304 [0m35.572 ms - -[0m
[0mGET /api/category/affichetitlebyId?title=reseau [36m304 [0m18.363 ms - -[0m
[0mGET /api/category/main/list [36m304 [0m33.322 ms - -[0m
[0mGET /api/category/affichebackgroundbyId?titre=back [36m304 [0m30.024 ms - -[0m
[0mGET /api/category/affichebyId?titre=Livraison [36m304 [0m97.199 ms - -[0m
[0mGET /api/product/meileurvente [36m304 [0m94.108 ms - -[0m
[0mGET /api/category/affichevideobytitre?titre=homevideo [36m304 [0m81.167 ms - -[0m
[0mGET /api/productgros/listlimite [36m304 [0m70.720 ms - -[0m
[0mGET /api/category/affichebackgroundbyId?titre=date [36m304 [0m66.371 ms - -[0m
[0mGET /api/product/getAllGroceryStaple [36m304 [0m74.692 ms - -[0m
[0mGET /api/category/afficheservices [36m304 [0m99.902 ms - -[0m
[0mGET /api/category/affichebyId?titre=Market [36m304 [0m15.831 ms - -[0m
[0mGET /api/category/affichebyId?titre=playstore [36m304 [0m17.019 ms - -[0m
[0mGET /api/category/affichebyId?titre=appstore [36m304 [0m13.753 ms - -[0m
[0mGET /api/category/affichebyId?titre=email [36m304 [0m23.930 ms - -[0m
[0mGET /api/category/affichebyId?titre=contact [36m304 [0m17.819 ms - -[0m
[0mGET /api/category/affichebyId?titre=adresse [36m304 [0m14.701 ms - -[0m
[0mGET /api/category/affichetitlebyId?title=reseau [36m304 [0m14.896 ms - -[0m
[0mGET /api/category/affichebackgroundbyId?titre=back [36m304 [0m29.879 ms - -[0m
[0mGET /api/category/main/list [36m304 [0m72.310 ms - -[0m
[0mGET /api/category/affichebyId?titre=Livraison [36m304 [0m204.576 ms - -[0m
[0mGET /api/product/meileurvente [36m304 [0m200.206 ms - -[0m
[0mGET /api/category/affichevideobytitre?titre=homevideo [36m304 [0m224.075 ms - -[0m
[0mGET /api/productgros/listlimite [36m304 [0m219.399 ms - -[0m
[0mGET /api/category/affichebackgroundbyId?titre=date [36m304 [0m166.861 ms - -[0m
[0mGET /api/product/getAllGroceryStaple [36m304 [0m69.746 ms - -[0m
[0mGET /api/category/afficheservices [36m304 [0m41.301 ms - -[0m
[0mGET /api/category/affichebyId?titre=Market [36m304 [0m15.315 ms - -[0m
[0mGET /api/category/affichebyId?titre=playstore [36m304 [0m12.866 ms - -[0m
[0mGET /api/category/affichebyId?titre=appstore [36m304 [0m18.842 ms - -[0m
[0mGET /api/category/affichebyId?titre=email [36m304 [0m13.651 ms - -[0m
[0mGET /api/category/affichebyId?titre=contact [36m304 [0m15.887 ms - -[0m
[0mGET /api/category/affichebyId?titre=adresse [36m304 [0m10.321 ms - -[0m
[0mGET /api/category/affichetitlebyId?title=reseau [36m304 [0m8.400 ms - -[0m
[0mGET /api/category/affichevideobytitre?titre=homevideo [36m304 [0m16.218 ms - -[0m
[0mGET /api/category/affichebackgroundbyId?titre=back [36m304 [0m1453.925 ms - -[0m
[0mGET /api/category/main/list [36m304 [0m1183.560 ms - -[0m
[0mGET /api/category/affichebyId?titre=Livraison [36m304 [0m1231.030 ms - -[0m
[0mGET /api/productgros/listlimite [36m304 [0m941.621 ms - -[0m
[0mGET /api/category/affichevideobytitre?titre=homevideo [32m200 [0m830.757 ms - 26[0m
[0mGET /api/category/affichebackgroundbyId?titre=date [36m304 [0m470.495 ms - -[0m
[0mGET /api/product/meileurvente [36m304 [0m1279.617 ms - -[0m
[0mGET /api/product/getAllGroceryStaple [36m304 [0m342.259 ms - -[0m
[0mGET /api/category/afficheservices [36m304 [0m93.419 ms - -[0m
[0mGET /api/category/affichebyId?titre=Market [36m304 [0m46.323 ms - -[0m
[0mGET /api/category/affichebyId?titre=playstore [36m304 [0m21.713 ms - -[0m
[0mGET /api/category/affichebyId?titre=appstore [36m304 [0m13.980 ms - -[0m
[0mGET /api/category/affichebyId?titre=email [36m304 [0m15.089 ms - -[0m
[0mGET /api/category/affichebyId?titre=contact [36m304 [0m13.753 ms - -[0m
[0mGET /api/category/affichebyId?titre=adresse [36m304 [0m14.207 ms - -[0m
[0mGET /api/category/affichetitlebyId?title=reseau [36m304 [0m12.860 ms - -[0m
[0mOPTIONS /api/auth/rootLogin [32m204 [0m900.990 ms - 0[0m
[0mPOST /api/auth/rootLogin [33m401 [0m2726.920 ms - 40[0m
[0mOPTIONS /api/auth/rootLogin [32m204 [0m10.658 ms - 0[0m
[0mPOST /api/auth/rootLogin [33m401 [0m37.279 ms - 40[0m
[0mGET /api/customer/getUserByEmailId?email=nicole@gmail.com [31m500 [0m1907.871 ms - 17[0m
[0mGET /api/category/affichebyId?titre=Livraison [36m304 [0m1366.507 ms - -[0m
[0mGET /api/category/afficheservices [36m304 [0m1380.781 ms - -[0m
[0mGET /api/customer/getUserByEmailId?email=nicole@gmail.com [31m500 [0m601.290 ms - 17[0m
[0mGET /api/customer/msgadmin?email=nicole@gmail.com [32m200 [0m804.423 ms - 26[0m
[0mGET /api/category/affichebyId?titre=Market [36m304 [0m350.768 ms - -[0m
[0mGET /api/customer/msgcust?email=nicole@gmail.com [32m200 [0m651.183 ms - 26[0m
[0mGET /api/category/affichebyId?titre=playstore [36m304 [0m77.139 ms - -[0m
[0mGET /api/category/affichebyId?titre=appstore [36m304 [0m174.426 ms - -[0m
[0mGET /api/category/affichebyId?titre=email [36m304 [0m120.618 ms - -[0m
[0mGET /api/category/affichebyId?titre=contact [36m304 [0m63.702 ms - -[0m
[0mGET /api/category/affichebyId?titre=adresse [36m304 [0m50.884 ms - -[0m
[0mGET /api/category/affichetitlebyId?title=reseau [36m304 [0m51.743 ms - -[0m
[0mGET /api/customer/msgadmin?email=nicole@gmail.com [36m304 [0m61.106 ms - -[0m
[0mGET /api/customer/msgcust?email=nicole@gmail.com [36m304 [0m73.385 ms - -[0m
[0mGET /api/customer/msgadmin?email=nicole@gmail.com [36m304 [0m74.814 ms - -[0m
[0mGET /api/customer/msgcust?email=nicole@gmail.com [36m304 [0m38.155 ms - -[0m
[0mGET /api/customer/msgadmin?email=nicole@gmail.com [36m304 [0m121.794 ms - -[0m
[0mGET /api/customer/msgadmin?email=nicole@gmail.com [36m304 [0m40.344 ms - -[0m
[0mGET /api/customer/msgcust?email=nicole@gmail.com [36m304 [0m43.162 ms - -[0m
[0mGET /api/customer/msgcust?email=nicole@gmail.com [36m304 [0m30.771 ms - -[0m
[0mGET /api/customer/msgadmin?email=nicole@gmail.com [36m304 [0m35.790 ms - -[0m
[0mGET /api/customer/msgcust?email=nicole@gmail.com [36m304 [0m60.078 ms - -[0m
[0mGET /api/customer/msgadmin?email=nicole@gmail.com [36m304 [0m256.369 ms - -[0m
[0mGET /api/customer/msgcust?email=nicole@gmail.com [36m304 [0m112.956 ms - -[0m
[0mGET /api/customer/msgadmin?email=nicole@gmail.com [36m304 [0m85.857 ms - -[0m
[0mGET /api/customer/msgcust?email=nicole@gmail.com [36m304 [0m122.577 ms - -[0m
[0mGET /api/category/affichebyId?titre=Livraison [36m304 [0m2381.464 ms - -[0m
[0mGET /api/category/afficheservices [36m304 [0m2473.502 ms - -[0m
[0mGET /api/customer/getUserByEmailId?email=nicole@gmail.com [31m500 [0m3364.887 ms - 17[0m
[0mGET /api/category/affichebyId?titre=Market [36m304 [0m457.767 ms - -[0m
[0mGET /api/customer/getUserByEmailId?email=nicole@gmail.com [31m500 [0m835.795 ms - 17[0m
[0mGET /api/customer/msgadmin?email=nicole@gmail.com [36m304 [0m557.567 ms - -[0m
[0mGET /api/category/affichebyId?titre=playstore [36m304 [0m121.795 ms - -[0m
[0mGET /api/customer/msgcust?email=nicole@gmail.com [36m304 [0m153.124 ms - -[0m
[0mGET /api/category/affichebyId?titre=appstore [36m304 [0m112.588 ms - -[0m
[0mGET /api/category/affichebyId?titre=email [36m304 [0m262.717 ms - -[0m
[0mGET /api/category/affichebyId?titre=contact [36m304 [0m386.305 ms - -[0m
[0mGET /api/category/affichebyId?titre=adresse [36m304 [0m595.236 ms - -[0m
[0mGET /api/category/affichebyId?titre=Livraison [36m304 [0m101.397 ms - -[0m
[0mGET /api/customer/getUserByEmailId?email=nicole@gmail.com [0m- [0m- ms - -[0m
[0mGET /api/customer/msgadmin?email=nicole@gmail.com [0m- [0m- ms - -[0m
[0mGET /api/category/afficheservices [36m304 [0m1873.825 ms - -[0m
[0mGET /api/category/afficheservices [32m200 [0m831.887 ms - 26[0m
[0mGET /api/customer/getUserByEmailId?email=nicole@gmail.com [31m500 [0m1075.667 ms - 17[0m
[0mGET /api/category/affichebyId?titre=Livraison [36m304 [0m1260.554 ms - -[0m
[0mGET /api/customer/getUserByEmailId?email=nicole@gmail.com [31m500 [0m303.679 ms - 17[0m
[0mGET /api/customer/msgadmin?email=nicole@gmail.com [32m200 [0m239.784 ms - 26[0m
[0mGET /api/category/affichebyId?titre=Market [36m304 [0m104.051 ms - -[0m
[0mGET /api/customer/msgcust?email=nicole@gmail.com [36m304 [0m79.845 ms - -[0m
[0mGET /api/category/affichebyId?titre=playstore [36m304 [0m89.783 ms - -[0m
[0mGET /api/category/affichebyId?titre=appstore [36m304 [0m75.585 ms - -[0m
[0mGET /api/category/affichebyId?titre=email [36m304 [0m191.079 ms - -[0m
[0mGET /api/category/affichebyId?titre=contact [36m304 [0m82.131 ms - -[0m
[0mGET /api/category/affichebyId?titre=adresse [36m304 [0m126.973 ms - -[0m
[0mGET /api/category/affichetitlebyId?title=reseau [32m200 [0m209.468 ms - 26[0m
[0mGET /api/customer/msgadmin?email=nicole@gmail.com [36m304 [0m47.234 ms - -[0m
[0mGET /api/customer/msgcust?email=nicole@gmail.com [36m304 [0m68.046 ms - -[0m
[0mGET /api/customer/msgadmin?email=nicole@gmail.com [36m304 [0m101.399 ms - -[0m
[0mGET /api/customer/msgcust?email=nicole@gmail.com [36m304 [0m65.977 ms - -[0m
[0mGET /api/customer/msgadmin?email=nicole@gmail.com [36m304 [0m131.429 ms - -[0m
[0mGET /api/customer/msgcust?email=nicole@gmail.com [36m304 [0m86.937 ms - -[0m
[0mGET /api/customer/msgadmin?email=nicole@gmail.com [36m304 [0m128.650 ms - -[0m
[0mGET /api/customer/msgcust?email=nicole@gmail.com [36m304 [0m43.090 ms - -[0m
[0mGET /api/customer/msgadmin?email=nicole@gmail.com [36m304 [0m97.765 ms - -[0m
[0mGET /api/customer/msgcust?email=nicole@gmail.com [36m304 [0m126.742 ms - -[0m
[0mGET /api/customer/msgadmin?email=nicole@gmail.com [36m304 [0m48.000 ms - -[0m
[0mGET /api/customer/msgcust?email=nicole@gmail.com [36m304 [0m41.654 ms - -[0m
[0mGET /api/customer/msgadmin?email=nicole@gmail.com [36m304 [0m104.132 ms - -[0m
[0mGET /api/customer/msgcust?email=nicole@gmail.com [36m304 [0m46.785 ms - -[0m
[0mGET /api/customer/msgadmin?email=nicole@gmail.com [36m304 [0m69.790 ms - -[0m
[0mGET /api/customer/msgcust?email=nicole@gmail.com [36m304 [0m110.105 ms - -[0m
[0mGET /api/customer/msgadmin?email=nicole@gmail.com [36m304 [0m71.127 ms - -[0m
[0mGET /api/customer/msgcust?email=nicole@gmail.com [36m304 [0m53.515 ms - -[0m
[0mGET /api/customer/msgadmin?email=nicole@gmail.com [36m304 [0m53.879 ms - -[0m
[0mGET /api/customer/msgcust?email=nicole@gmail.com [36m304 [0m50.069 ms - -[0m
[0mGET /api/customer/msgadmin?email=nicole@gmail.com [36m304 [0m59.331 ms - -[0m
[0mGET /api/customer/msgcust?email=nicole@gmail.com [36m304 [0m40.958 ms - -[0m
[0mGET /api/customer/msgadmin?email=nicole@gmail.com [36m304 [0m94.407 ms - -[0m
[0mGET /api/customer/msgcust?email=nicole@gmail.com [36m304 [0m52.771 ms - -[0m
[0mGET /api/customer/msgadmin?email=nicole@gmail.com [36m304 [0m92.801 ms - -[0m
[0mGET /api/customer/msgcust?email=nicole@gmail.com [36m304 [0m59.332 ms - -[0m
[0mGET /api/customer/msgadmin?email=nicole@gmail.com [36m304 [0m77.512 ms - -[0m
[0mGET /api/customer/msgcust?email=nicole@gmail.com [36m304 [0m69.265 ms - -[0m
[0mGET /api/customer/msgadmin?email=nicole@gmail.com [36m304 [0m120.058 ms - -[0m
[0mGET /api/customer/getUserByEmailId?email=nicole@gmail.com [31m500 [0m211.989 ms - 17[0m
[0mGET /api/customer/msgcust?email=nicole@gmail.com [36m304 [0m69.287 ms - -[0m
[0mGET /api/customer/msgadmin?email=nicole@gmail.com [36m304 [0m74.770 ms - -[0m
[0mGET /api/customer/msgcust?email=nicole@gmail.com [36m304 [0m58.293 ms - -[0m
[0mGET /api/customer/msgadmin?email=nicole@gmail.com [36m304 [0m32.663 ms - -[0m
[0mGET /api/customer/msgcust?email=nicole@gmail.com [36m304 [0m44.509 ms - -[0m
[0mGET /api/customer/msgadmin?email=nicole@gmail.com [36m304 [0m31.506 ms - -[0m
[0mGET /api/customer/msgcust?email=nicole@gmail.com [36m304 [0m110.560 ms - -[0m
[0mGET /api/customer/msgadmin?email=nicole@gmail.com [36m304 [0m62.671 ms - -[0m
[0mGET /api/customer/msgcust?email=nicole@gmail.com [36m304 [0m45.295 ms - -[0m
[0mGET /api/customer/msgadmin?email=nicole@gmail.com [36m304 [0m54.731 ms - -[0m
[0mGET /api/customer/msgcust?email=nicole@gmail.com [36m304 [0m65.912 ms - -[0m
[0mOPTIONS /api/customer/prodmsg [32m204 [0m10.204 ms - 0[0m
[0mGET /api/customer/msgadmin?email=nicole@gmail.com [36m304 [0m86.529 ms - -[0m
[0mPOST /api/customer/prodmsg [31m500 [0m1497.495 ms - 34[0m
[0mGET /api/customer/msgcust?email=nicole@gmail.com [36m304 [0m53.113 ms - -[0m
[0mGET /api/customer/msgadmin?email=nicole@gmail.com [36m304 [0m157.568 ms - -[0m
[0mGET /api/customer/msgcust?email=nicole@gmail.com [36m304 [0m249.194 ms - -[0m
[0mGET /api/customer/msgadmin?email=nicole@gmail.com [36m304 [0m429.334 ms - -[0m
[0mGET /api/customer/msgcust?email=nicole@gmail.com [36m304 [0m402.891 ms - -[0m
[0mGET /api/customer/msgadmin?email=nicole@gmail.com [36m304 [0m388.638 ms - -[0m
[0mGET /api/customer/msgcust?email=nicole@gmail.com [36m304 [0m101.928 ms - -[0m
[0mGET /api/customer/msgadmin?email=nicole@gmail.com [36m304 [0m293.910 ms - -[0m
[0mGET /api/customer/msgcust?email=nicole@gmail.com [36m304 [0m287.860 ms - -[0m
[0mGET /api/customer/msgadmin?email=nicole@gmail.com [36m304 [0m77.348 ms - -[0m
[0mGET /api/customer/msgcust?email=nicole@gmail.com [36m304 [0m29.429 ms - -[0m
[0mGET /api/customer/msgadmin?email=nicole@gmail.com [36m304 [0m705.978 ms - -[0m
[0mGET /api/customer/msgcust?email=nicole@gmail.com [36m304 [0m101.807 ms - -[0m
[0mGET /api/customer/msgadmin?email=nicole@gmail.com [36m304 [0m54.496 ms - -[0m
[0mGET /api/customer/msgcust?email=nicole@gmail.com [36m304 [0m37.551 ms - -[0m
[0mGET /api/customer/msgadmin?email=nicole@gmail.com [36m304 [0m337.047 ms - -[0m
[0mGET /api/customer/msgcust?email=nicole@gmail.com [36m304 [0m95.472 ms - -[0m
[0mGET /api/customer/msgadmin?email=nicole@gmail.com [36m304 [0m209.838 ms - -[0m
[0mGET /api/customer/msgcust?email=nicole@gmail.com [36m304 [0m88.086 ms - -[0m
[0mGET /api/customer/msgadmin?email=nicole@gmail.com [36m304 [0m66.441 ms - -[0m
[0mGET /api/customer/msgcust?email=nicole@gmail.com [36m304 [0m68.967 ms - -[0m
[0mGET /api/customer/msgadmin?email=nicole@gmail.com [36m304 [0m53.580 ms - -[0m
[0mGET /api/customer/msgcust?email=nicole@gmail.com [36m304 [0m51.676 ms - -[0m
[0mGET /api/customer/msgadmin?email=nicole@gmail.com [36m304 [0m42.166 ms - -[0m
[0mGET /api/customer/msgcust?email=nicole@gmail.com [36m304 [0m59.948 ms - -[0m
[0mGET /api/customer/msgadmin?email=nicole@gmail.com [36m304 [0m51.722 ms - -[0m
[0mGET /api/customer/msgcust?email=nicole@gmail.com [36m304 [0m40.713 ms - -[0m
[0mGET /api/customer/msgadmin?email=nicole@gmail.com [36m304 [0m42.595 ms - -[0m
[0mGET /api/customer/msgcust?email=nicole@gmail.com [36m304 [0m42.443 ms - -[0m
[0mGET /api/customer/msgadmin?email=nicole@gmail.com [36m304 [0m48.834 ms - -[0m
[0mGET /api/customer/msgcust?email=nicole@gmail.com [36m304 [0m35.857 ms - -[0m
[0mGET /api/customer/msgadmin?email=nicole@gmail.com [36m304 [0m34.980 ms - -[0m
[0mGET /api/customer/msgcust?email=nicole@gmail.com [36m304 [0m86.569 ms - -[0m
[0mGET /api/customer/msgadmin?email=nicole@gmail.com [36m304 [0m57.938 ms - -[0m
[0mGET /api/customer/msgcust?email=nicole@gmail.com [36m304 [0m33.445 ms - -[0m
[0mGET /api/customer/msgadmin?email=nicole@gmail.com [36m304 [0m60.417 ms - -[0m
[0mGET /api/customer/msgcust?email=nicole@gmail.com [36m304 [0m77.722 ms - -[0m
[0mGET /api/customer/msgadmin?email=nicole@gmail.com [36m304 [0m71.486 ms - -[0m
[0mGET /api/customer/msgcust?email=nicole@gmail.com [36m304 [0m55.494 ms - -[0m
[0mGET /api/customer/msgadmin?email=nicole@gmail.com [36m304 [0m61.967 ms - -[0m
[0mGET /api/customer/msgcust?email=nicole@gmail.com [36m304 [0m30.011 ms - -[0m
[0mGET /api/customer/msgadmin?email=nicole@gmail.com [36m304 [0m30.175 ms - -[0m
[0mGET /api/customer/msgcust?email=nicole@gmail.com [36m304 [0m79.766 ms - -[0m
[0mGET /api/customer/msgadmin?email=nicole@gmail.com [36m304 [0m56.914 ms - -[0m
[0mGET /api/customer/msgcust?email=nicole@gmail.com [36m304 [0m30.487 ms - -[0m
[0mGET /api/customer/msgadmin?email=nicole@gmail.com [36m304 [0m30.042 ms - -[0m
[0mGET /api/customer/msgcust?email=nicole@gmail.com [36m304 [0m33.653 ms - -[0m
[0mGET /api/customer/msgadmin?email=nicole@gmail.com [36m304 [0m48.873 ms - -[0m
[0mGET /api/customer/msgcust?email=nicole@gmail.com [36m304 [0m32.811 ms - -[0m
[0mGET /api/customer/msgadmin?email=nicole@gmail.com [36m304 [0m36.383 ms - -[0m
[0mGET /api/customer/msgcust?email=nicole@gmail.com [36m304 [0m93.683 ms - -[0m
[0mGET /api/customer/msgadmin?email=nicole@gmail.com [36m304 [0m144.641 ms - -[0m
[0mGET /api/customer/msgcust?email=nicole@gmail.com [36m304 [0m24.936 ms - -[0m
[0mGET /api/customer/msgadmin?email=nicole@gmail.com [36m304 [0m40.853 ms - -[0m
[0mGET /api/customer/msgcust?email=nicole@gmail.com [36m304 [0m25.482 ms - -[0m
[0mGET /api/customer/msgadmin?email=nicole@gmail.com [36m304 [0m32.207 ms - -[0m
[0mGET /api/customer/msgcust?email=nicole@gmail.com [36m304 [0m89.910 ms - -[0m
[0mGET /api/customer/msgadmin?email=nicole@gmail.com [36m304 [0m31.712 ms - -[0m
[0mGET /api/customer/msgcust?email=nicole@gmail.com [36m304 [0m31.469 ms - -[0m
[0mGET /api/customer/msgadmin?email=nicole@gmail.com [36m304 [0m27.605 ms - -[0m
[0mGET /api/customer/msgcust?email=nicole@gmail.com [36m304 [0m26.269 ms - -[0m
[0mGET /api/customer/msgadmin?email=nicole@gmail.com [36m304 [0m27.938 ms - -[0m
[0mGET /api/customer/msgcust?email=nicole@gmail.com [36m304 [0m34.105 ms - -[0m
[0mGET /api/customer/msgadmin?email=nicole@gmail.com [36m304 [0m62.901 ms - -[0m
[0mGET /api/customer/msgcust?email=nicole@gmail.com [36m304 [0m28.424 ms - -[0m
[0mGET /api/customer/msgadmin?email=nicole@gmail.com [36m304 [0m41.233 ms - -[0m
[0mGET /api/customer/msgcust?email=nicole@gmail.com [36m304 [0m24.320 ms - -[0m
[0mGET /api/customer/msgadmin?email=nicole@gmail.com [36m304 [0m39.175 ms - -[0m
[0mGET /api/customer/msgcust?email=nicole@gmail.com [36m304 [0m35.671 ms - -[0m
[0mGET /api/customer/msgadmin?email=nicole@gmail.com [36m304 [0m49.502 ms - -[0m
[0mGET /api/customer/msgcust?email=nicole@gmail.com [36m304 [0m28.992 ms - -[0m
[0mGET /api/customer/msgadmin?email=nicole@gmail.com [36m304 [0m34.422 ms - -[0m
[0mGET /api/customer/msgcust?email=nicole@gmail.com [36m304 [0m30.613 ms - -[0m
[0mGET /api/customer/msgadmin?email=nicole@gmail.com [36m304 [0m27.209 ms - -[0m
[0mGET /api/customer/msgcust?email=nicole@gmail.com [36m304 [0m26.211 ms - -[0m
[0mGET /api/customer/msgadmin?email=nicole@gmail.com [36m304 [0m31.729 ms - -[0m
[0mGET /api/customer/msgcust?email=nicole@gmail.com [36m304 [0m24.100 ms - -[0m
[0mGET /api/customer/msgadmin?email=nicole@gmail.com [36m304 [0m28.800 ms - -[0m
[0mGET /api/customer/msgcust?email=nicole@gmail.com [36m304 [0m26.187 ms - -[0m
[0mGET /api/customer/msgadmin?email=nicole@gmail.com [36m304 [0m42.649 ms - -[0m
[0mGET /api/customer/msgcust?email=nicole@gmail.com [36m304 [0m27.537 ms - -[0m
[0mGET /api/customer/msgadmin?email=nicole@gmail.com [36m304 [0m36.142 ms - -[0m
[0mGET /api/customer/msgcust?email=nicole@gmail.com [36m304 [0m50.900 ms - -[0m
[0mGET /api/customer/msgadmin?email=nicole@gmail.com [36m304 [0m31.426 ms - -[0m
[0mGET /api/customer/msgcust?email=nicole@gmail.com [36m304 [0m95.789 ms - -[0m
[0mGET /api/customer/msgadmin?email=nicole@gmail.com [36m304 [0m28.553 ms - -[0m
[0mGET /api/customer/msgcust?email=nicole@gmail.com [36m304 [0m27.757 ms - -[0m
[0mGET /api/customer/msgadmin?email=nicole@gmail.com [36m304 [0m29.031 ms - -[0m
[0mGET /api/customer/msgcust?email=nicole@gmail.com [36m304 [0m41.495 ms - -[0m
[0mGET /api/customer/msgadmin?email=nicole@gmail.com [36m304 [0m26.561 ms - -[0m
[0mGET /api/customer/msgcust?email=nicole@gmail.com [36m304 [0m23.987 ms - -[0m
[0mGET /api/customer/msgadmin?email=nicole@gmail.com [36m304 [0m25.394 ms - -[0m
[0mGET /api/customer/msgcust?email=nicole@gmail.com [36m304 [0m28.588 ms - -[0m
[0mGET /api/customer/msgadmin?email=nicole@gmail.com [36m304 [0m173.994 ms - -[0m
[0mGET /api/customer/msgcust?email=nicole@gmail.com [36m304 [0m112.123 ms - -[0m
[0mGET /api/customer/msgadmin?email=nicole@gmail.com [36m304 [0m26.748 ms - -[0m
[0mGET /api/customer/msgcust?email=nicole@gmail.com [36m304 [0m23.068 ms - -[0m
[0mGET /api/customer/msgadmin?email=nicole@gmail.com [36m304 [0m51.338 ms - -[0m
[0mGET /api/customer/msgcust?email=nicole@gmail.com [36m304 [0m108.142 ms - -[0m
[0mGET /api/customer/msgadmin?email=nicole@gmail.com [36m304 [0m76.640 ms - -[0m
[0mGET /api/customer/msgcust?email=nicole@gmail.com [36m304 [0m114.892 ms - -[0m
[0mGET /api/customer/msgadmin?email=nicole@gmail.com [36m304 [0m72.118 ms - -[0m
[0mGET /api/customer/msgcust?email=nicole@gmail.com [36m304 [0m65.749 ms - -[0m
[0mGET /api/customer/msgadmin?email=nicole@gmail.com [36m304 [0m238.846 ms - -[0m
[0mGET /api/customer/msgcust?email=nicole@gmail.com [36m304 [0m84.792 ms - -[0m
[0mGET /api/customer/msgadmin?email=nicole@gmail.com [36m304 [0m30.142 ms - -[0m
[0mGET /api/customer/msgcust?email=nicole@gmail.com [36m304 [0m29.352 ms - -[0m
[0mGET /api/customer/msgadmin?email=nicole@gmail.com [36m304 [0m59.510 ms - -[0m
[0mGET /api/customer/msgcust?email=nicole@gmail.com [36m304 [0m84.549 ms - -[0m
